app/build/outputs/mapping/proguard/seeds.txt
com.google.android.gms.internal.mlkit_vision_object_detection_custom.zzbh$zzat
com.google.android.gms.internal.mlkit_vision_internal_vkp.zzir$zzau
com.google.android.gms.internal.mlkit_common.zzav$zzbh: java.lang.String zze
com.google.android.gms.internal.mlkit_vision_face.zzjp$zzj: com.google.android.gms.internal.mlkit_vision_face.zzhv zzh
com.google.android.gms.internal.mlkit_vision_barcode.zzbl$zzbh: com.google.android.gms.internal.mlkit_vision_barcode.zzbl$zzbh zzo
com.google.android.gms.internal.mlkit_vision_internal_vkp.zzwk
com.google.android.gms.internal.mlkit_common.zzav$zzi$zzb
com.google.android.gms.internal.mlkit_vision_text.zzbh$zzay: com.google.android.gms.internal.mlkit_vision_text.zzbh$zzay zzi
com.google.android.gms.internal.mlkit_common.zzjf$zzk: com.google.android.gms.internal.mlkit_common.zzjf$zzk zzf
com.google.android.gms.internal.mlkit_vision_object_detection_bundled.zzbh$zzao: com.google.android.gms.internal.mlkit_vision_object_detection_bundled.zzbh$zzaf zzd
com.google.android.gms.internal.mlkit_vision_internal_vkp.zzxi
com.google.mlkit.common.sdkinternal.MLTaskExecutor$zza: com.google.mlkit.common.sdkinternal.MLTaskExecutor$zza[] values()
com.google.android.gms.internal.mlkit_vision_text.zzbh$zzbb: com.google.android.gms.internal.mlkit_vision_text.zzbh$zzbb zzf
com.google.android.gms.internal.mlkit_vision_object_detection_custom.zzbh$zzad: com.google.android.gms.internal.mlkit_vision_object_detection_custom.zzbh$zzar zzr
com.google.android.gms.internal.mlkit_common.zzav$zzad: com.google.android.gms.internal.mlkit_common.zzav$zzbe zzz
com.google.android.gms.internal.mlkit_vision_common.zzr$zzi: com.google.android.gms.internal.mlkit_vision_common.zzr$zzab zzf
com.google.android.gms.internal.mlkit_vision_pose_common.zzbm$zzad: com.google.android.gms.internal.mlkit_vision_pose_common.zzbm$zzm zzab
com.google.android.gms.internal.mlkit_vision_face.zzjp$zzf: com.google.android.gms.internal.mlkit_vision_face.zzjp$zzi zze
com.google.android.gms.internal.mlkit_vision_pose_common.zzbm$zzav: com.google.android.gms.internal.mlkit_vision_pose_common.zzbm$zzav zzf
com.google.android.gms.internal.mlkit_vision_text.zzdr$zzb: boolean zzg
com.google.android.gms.internal.mlkit_vision_internal_vkp.zzlj$zzb: com.google.android.gms.internal.mlkit_vision_internal_vkp.zzlj$zzb[] values()
com.google.android.gms.internal.mlkit_vision_label_automl.zzdw$zzb: boolean zzh
com.google.android.gms.internal.mlkit_vision_common.zzr$zzy$zza: com.google.android.gms.internal.mlkit_vision_common.zzr$zzy$zza zzf
com.google.android.gms.internal.mlkit_vision_label_automl.zzbl$zzq: com.google.android.gms.internal.mlkit_vision_label_automl.zzbl$zzn zze
com.google.android.gms.internal.mlkit_common.zzjf$zzc$zzc
com.google.android.gms.internal.mlkit_vision_text.zzbh$zzar: int zzg
com.google.android.gms.internal.mlkit_vision_object_detection_custom.zzbh$zzm
com.google.android.gms.internal.mlkit_vision_internal_vkp.zzty$zzf
com.google.android.gms.internal.mlkit_vision_common.zzcc$zza: com.google.android.gms.internal.mlkit_vision_common.zzeq zzc
com.google.android.gms.internal.mlkit_vision_label_automl.zzbl$zzn: com.google.android.gms.internal.mlkit_vision_label_automl.zzbl$zzn zzf
com.google.android.gms.internal.mlkit_vision_label_custom.zzbh$zzal: java.lang.String zze
com.google.android.gms.internal.mlkit_vision_label_automl.zzdw$zzb: int zzd
com.google.android.gms.internal.mlkit_vision_label_bundled.zzbh$zzal$zzc: com.google.android.gms.internal.mlkit_vision_label_bundled.zzbh$zzal$zzc[] values()
com.google.android.gms.internal.mlkit_vision_common.zzr$zzap: int zzc
com.google.android.libraries.vision.visionkit.pipeline.zzcd: com.google.android.gms.internal.mlkit_vision_internal_vkp.zzbh zzat
com.google.android.gms.internal.mlkit_vision_label_custom.zzbh$zzak: com.google.android.gms.internal.mlkit_vision_label_custom.zzgc zzj
com.google.android.gms.internal.mlkit_vision_object_detection_bundled.zzbh$zzbi: int zzc