app/build/outputs/mapping/proguard/mapping.txt
# compiler: R8
# compiler_version: 2.1.75
# min_api: 16
# pg_map_id: b3582ee
# common_typos_disable
...
com.google.android.gms.internal.mlkit_vision_label_automl.zzbl$zzbe -> c.a.a.a.f.j.s1:
    java.lang.Object zza(int,java.lang.Object,java.lang.Object) -> q
    com.google.android.gms.internal.mlkit_vision_label_automl.zzbl$zzbe zza() -> y
com.google.android.gms.internal.mlkit_vision_label_automl.zzbl$zzbe$zza -> c.a.a.a.f.j.s1$a:
    com.google.android.gms.internal.mlkit_vision_label_automl.zzbl$zzbe$zza zzy -> A
    com.google.android.gms.internal.mlkit_vision_label_automl.zzbl$zzbe$zza zzaa -> C
    com.google.android.gms.internal.mlkit_vision_label_automl.zzbl$zzbe$zza zzac -> E
    com.google.android.gms.internal.mlkit_vision_label_automl.zzbl$zzbe$zza zzb -> d
    com.google.android.gms.internal.mlkit_vision_label_automl.zzbl$zzbe$zza zzae -> G
    com.google.android.gms.internal.mlkit_vision_label_automl.zzbl$zzbe$zza zzd -> f
    com.google.android.gms.internal.mlkit_vision_label_automl.zzbl$zzbe$zza zzag -> I
    int zzaj -> b
    com.google.android.gms.internal.mlkit_vision_label_automl.zzbl$zzbe$zza zzf -> h
    com.google.android.gms.internal.mlkit_vision_label_automl.zzbl$zzbe$zza zzh -> j
    com.google.android.gms.internal.mlkit_vision_label_automl.zzbl$zzbe$zza zzk -> m
    com.google.android.gms.internal.mlkit_vision_label_automl.zzbl$zzbe$zza zzm -> o
    com.google.android.gms.internal.mlkit_vision_label_automl.zzbl$zzbe$zza zzo -> q
    com.google.android.gms.internal.mlkit_vision_label_automl.zzbl$zzbe$zza zzq -> s
    com.google.android.gms.internal.mlkit_vision_label_automl.zzbl$zzbe$zza zzs -> u
    com.google.android.gms.internal.mlkit_vision_label_automl.zzbl$zzbe$zza zzu -> w
    com.google.android.gms.internal.mlkit_vision_label_automl.zzbl$zzbe$zza zzw -> y
com.google.android.gms.internal.mlkit_vision_label_automl.zzbl$zzbe$zzb -> c.a.a.a.f.j.s1$b:
com.google.android.gms.internal.mlkit_vision_label_automl.zzbl$zzbf -> c.a.a.a.f.j.t1:
    java.lang.Object zza(int,java.lang.Object,java.lang.Object) -> q
    com.google.android.gms.internal.mlkit_vision_label_automl.zzbl$zzbf zza() -> y
com.google.android.gms.internal.mlkit_vision_label_automl.zzbl$zzbf$zza -> c.a.a.a.f.j.t1$a:
com.google.android.gms.internal.mlkit_vision_label_automl.zzbl$zzbf$zzb -> c.a.a.a.f.j.t1$b:
    com.google.android.gms.internal.mlkit_vision_label_automl.zzbl$zzbf$zzb zzc -> e
    com.google.android.gms.internal.mlkit_vision_label_automl.zzbl$zzbf$zzb zzb -> d
    com.google.android.gms.internal.mlkit_vision_label_automl.zzbl$zzbf$zzb zza -> c
    com.google.android.gms.internal.mlkit_vision_label_automl.zzbl$zzbf$zzb zzd -> f
    int zzf -> b
    com.google.android.gms.internal.mlkit_vision_label_automl.zzbl$zzbf$zzb[] zzg -> g
    int zza() -> a
    com.google.android.gms.internal.mlkit_vision_label_automl.zzgl zzb() -> s
com.google.android.gms.internal.mlkit_vision_label_automl.zzbl$zzbg -> c.a.a.a.f.j.u1:
    java.lang.Object zza(int,java.lang.Object,java.lang.Object) -> q
    com.google.android.gms.internal.mlkit_vision_label_automl.zzbl$zzbg zza() -> y
com.google.android.gms.internal.mlkit_vision_label_automl.zzbl$zzbg$zza -> c.a.a.a.f.j.u1$a: