app/build/outputs/mapping/proguard/usage.txt
okhttp3.internal.Util
com.google.gson.internal.UnsafeAllocator$2
androidx.viewpager.R$color
com.google.android.gms.internal.mlkit_vision_internal_vkp.zzun$zza$zzc$zza
androidx.appcompat.view.menu.MenuView$ItemView:
    public abstract void setTitle(java.lang.CharSequence)
    public abstract void setEnabled(boolean)
    public abstract void setCheckable(boolean)
    public abstract void setChecked(boolean)
    public abstract void setShortcut(boolean,char)
    public abstract void setIcon(android.graphics.drawable.Drawable)
    public abstract boolean showsIcon()
androidx.core.view.ViewCompat$2
com.google.common.collect.MultimapBuilder$4
com.google.mlkit.common.internal.model.ModelUtils:
    private void <init>()
kotlin.collections.AbstractMap$keys$1$iterator$1
com.google.mlkit.common.model.zza
com.google.android.gms.vision.MultiProcessor$Factory
com.google.common.collect.Synchronized$SynchronizedQueue
kotlin.sequences.SequencesKt__SequencesKt$generateSequence$2
com.google.android.gms.common.api.internal.zabe
com.google.common.collect.ImmutableMapValues
com.google.android.gms.common.api.internal.ListenerHolder$zaa
com.google.common.util.concurrent.ForwardingFuture
com.google.android.gms.internal.mlkit_vision_mediapipe.zzcu
com.google.android.gms.common.stats.WakeLockEvent
kotlin.coroutines.experimental.migration.ExperimentalContextMigration
androidx.loader.R$drawable
com.google.common.collect.ImmutableListMultimap$Builder
com.google.android.gms.internal.vision.zzay
com.google.android.gms.internal.mlkit_vision_internal_vkp.zzun$zzb
com.google.common.collect.LinkedListMultimap$DistinctKeyIterator
com.google.common.util.concurrent.Futures$7
androidx.camera.core.impl.CameraCaptureCallbacks
com.google.common.collect.ImmutableMultiset$EntrySet
com.google.android.gms.common.config.GservicesValue$zza
kotlin.random.AbstractPlatformRandom
com.google.android.gms.internal.mlkit_vision_object_detection_bundled.zzhu:
    void <init>()
com.google.common.collect.Multisets$3
com.google.common.collect.TreeMultiset$1
kotlin.jvm.internal.IntCompanionObject
com.google.common.collect.ImmutableSortedSet
com.google.common.base.Joiner
androidx.annotation.RequiresPermission$Read
kotlin.collections.SetsKt___SetsKt
com.google.common.collect.RegularImmutableMultiset
com.google.gson.internal.bind.JsonTreeReader$1
com.google.gson.internal.bind.TypeAdapters$16
kotlin.collections.AbstractList$SubList
com.google.android.gms.internal.mlkit_vision_text.zze:
    public synthetic java.util.Collection zzb(java.lang.Object)
    synthetic java.util.Collection zzb()
kotlin.coroutines.intrinsics.IntrinsicsKt__IntrinsicsJvmKt$createCoroutineUnintercepted$$inlined$createCoroutineFromSuspendFunction$IntrinsicsKt__IntrinsicsJvmKt$1
kotlin.collections.unsigned.UArraysKt___UArraysJvmKt$asList$3
com.google.gson.internal.bind.TypeAdapters$29
kotlin.collections.ArraysUtilJVM
com.google.gson.JsonStreamParser
com.google.android.gms.internal.phenotype.zzf
com.google.mlkit.common.sdkinternal.model.RemoteModelDownloadManager$zza
kotlin.text.Regex$Serialized
androidx.camera.core.internal.package-info
com.google.common.cache.LocalCache$LoadingSerializationProxy
com.google.common.cache.CacheBuilderSpec$RecordStatsParser
kotlin.jvm.internal.markers.KMutableMap$Entry
com.google.common.escape.Platform
androidx.loader.R$color
androidx.lifecycle.ProcessLifecycleOwner:
    public static androidx.lifecycle.LifecycleOwner get()
    static final long TIMEOUT_MS
androidx.camera.core.ImageProxyDownsampler$DownsamplingMethod
androidx.camera.camera2.internal.compat.params.SessionConfigurationCompat$SessionConfigurationCompatApi28Impl:
    public void setInputConfiguration(androidx.camera.camera2.internal.compat.params.InputConfigurationCompat)
    public android.hardware.camera2.CaptureRequest getSessionParameters()
com.google.firebase.FirebaseApiNotAvailableException
kotlin.text.CharDirectionality
androidx.savedstate.R
androidx.core.R$integer